<?xml version="1.0" encoding="UTF-8"?>
<TestRun id="94f273db-bf50-4221-a783-82b998f6c117" name="Moinul@DESKTOP-26FMDEU 2018-04-30 11:23:44" runUser="DESKTOP-26FMDEU\Moinul" xmlns="http://microsoft.com/schemas/VisualStudio/TeamTest/2010">
  <TestSettings name="Local" id="816ec862-b794-4e4e-981a-3dcfb42909b7">
    <Description>These are default test settings for a local test run.</Description>
    <Deployment enabled="false" runDeploymentRoot="Moinul_DESKTOP-26FMDEU 2018-04-30 11_23_44">
      <DeploymentItem filename="C:\Users\Moinul\Desktop\certificate\PDFSignService\SynesisIT.PDFSign\bin\Debug\SynesisIT.PDFSign.dll" />
    </Deployment>
    <Execution>
      <TestTypeSpecific />
      <AgentRule name="Execution Agents">
      </AgentRule>
    </Execution>
  </TestSettings>
  <Times creation="2018-04-30T11:23:44.9419881+06:00" queuing="2018-04-30T11:23:47.2942418+06:00" start="2018-04-30T11:23:47.3704436+06:00" finish="2018-04-30T11:24:09.8613434+06:00" />
  <ResultSummary outcome="Failed">
    <Counters total="1" executed="1" error="0" failed="1" timeout="0" aborted="0" inconclusive="0" passedButRunAborted="0" notRunnable="0" notExecuted="0" disconnected="0" warning="0" passed="0" completed="0" inProgress="0" pending="0" />
  </ResultSummary>
  <TestDefinitions>
    <UnitTest name="TestMethod1" storage="c:\users\moinul\desktop\certificate\pdfsignservice\pdfsigntestproject\bin\debug\pdfsigntestproject.dll" id="eaee23b5-b98b-3c74-07f3-3c3534241b2d">
      <Execution id="ca3fa034-7a8e-4429-90b9-6d56bb1a1467" />
      <TestMethod codeBase="C:/Users/Moinul/Desktop/certificate/PDFSignService/PDFSignTestProject/bin/Debug/PDFSignTestProject.DLL" adapterTypeName="Microsoft.VisualStudio.TestTools.TestTypes.Unit.UnitTestAdapter, Microsoft.VisualStudio.QualityTools.Tips.UnitTest.Adapter, Version=10.0.0.0, Culture=neutral, PublicKeyToken=b03f5f7f11d50a3a" className="PDFSignTestProject.UnitTest1, PDFSignTestProject, Version=1.0.0.0, Culture=neutral, PublicKeyToken=null" name="TestMethod1" />
    </UnitTest>
  </TestDefinitions>
  <TestLists>
    <TestList name="Results Not in a List" id="8c84fa94-04c1-424b-9868-57a2d4851a1d" />
    <TestList name="All Loaded Results" id="19431567-8539-422a-85d7-44ee4e166bda" />
  </TestLists>
  <TestEntries>
    <TestEntry testId="eaee23b5-b98b-3c74-07f3-3c3534241b2d" executionId="ca3fa034-7a8e-4429-90b9-6d56bb1a1467" testListId="8c84fa94-04c1-424b-9868-57a2d4851a1d" />
  </TestEntries>
  <Results>
    <UnitTestResult executionId="ca3fa034-7a8e-4429-90b9-6d56bb1a1467" testId="eaee23b5-b98b-3c74-07f3-3c3534241b2d" testName="TestMethod1" computerName="DESKTOP-26FMDEU" duration="00:00:21.8116869" startTime="2018-04-30T11:23:47.4436386+06:00" endTime="2018-04-30T11:24:09.7851399+06:00" testType="13cdc9d9-ddb5-4fa4-a97d-d965ccfc6d4b" outcome="Failed" testListId="8c84fa94-04c1-424b-9868-57a2d4851a1d" relativeResultsDirectory="ca3fa034-7a8e-4429-90b9-6d56bb1a1467">
      <Output>
        <ErrorInfo>
          <Message>Test method PDFSignTestProject.UnitTest1.TestMethod1 threw exception: 
System.IO.IOException: The process cannot access the file 'C:\Users\Moinul\Desktop\certificate\SignTemplate_sign.pdf' because it is being used by another process.</Message>
          <StackTrace>    at System.IO.__Error.WinIOError(Int32 errorCode, String maybeFullPath)
   at System.IO.FileStream.Init(String path, FileMode mode, FileAccess access, Int32 rights, Boolean useRights, FileShare share, Int32 bufferSize, FileOptions options, SECURITY_ATTRIBUTES secAttrs, String msgPath, Boolean bFromProxy, Boolean useLongPath, Boolean checkHost)
   at System.IO.FileStream..ctor(String path, FileMode mode, FileAccess access, FileShare share, Int32 bufferSize, FileOptions options, String msgPath, Boolean bFromProxy, Boolean useLongPath, Boolean checkHost)
   at System.IO.File.InternalWriteAllBytes(String path, Byte[] bytes, Boolean checkHost)
   at System.IO.File.WriteAllBytes(String path, Byte[] bytes)
   at PDFSignTestProject.UnitTest1.TestMethod1() in C:\Users\Moinul\Desktop\certificate\PDFSignService\PDFSignTestProject\UnitTest1.cs:line 96
</StackTrace>
        </ErrorInfo>
      </Output>
    </UnitTestResult>
  </Results>
</TestRun>