<?xml version="1.0" encoding="UTF-8"?>
<TestRun id="c8f36f3f-f0da-43d6-9a2a-d667e324e0ed" name="Moinul@DESKTOP-26FMDEU 2018-04-11 14:24:33" runUser="DESKTOP-26FMDEU\Moinul" xmlns="http://microsoft.com/schemas/VisualStudio/TeamTest/2010">
  <TestSettings name="Local" id="816ec862-b794-4e4e-981a-3dcfb42909b7">
    <Description>These are default test settings for a local test run.</Description>
    <Deployment enabled="false" runDeploymentRoot="Moinul_DESKTOP-26FMDEU 2018-04-11 14_24_33">
      <DeploymentItem filename="E:\Visual Studio 2010\Projects\PDFSignService\SynesisIT.PDFSign\bin\Debug\SynesisIT.PDFSign.dll" />
    </Deployment>
    <Execution>
      <TestTypeSpecific />
      <AgentRule name="Execution Agents">
      </AgentRule>
    </Execution>
  </TestSettings>
  <Times creation="2018-04-11T14:24:33.2808321+06:00" queuing="2018-04-11T14:24:35.2057277+06:00" start="2018-04-11T14:24:35.2709002+06:00" finish="2018-04-11T14:25:32.7285179+06:00" />
  <ResultSummary outcome="Error">
    <Counters total="1" executed="1" error="0" failed="0" timeout="0" aborted="1" inconclusive="0" passedButRunAborted="0" notRunnable="0" notExecuted="0" disconnected="0" warning="0" passed="0" completed="0" inProgress="0" pending="0" />
    <RunInfos>
      <RunInfo computerName="DESKTOP-26FMDEU" outcome="Error" timestamp="2018-04-11T14:25:32.7285179+06:00">
        <Text>Test host process exited unexpectedly.</Text>
      </RunInfo>
    </RunInfos>
  </ResultSummary>
  <TestDefinitions>
    <UnitTest name="TestMethod1" storage="e:\visual studio 2010\projects\pdfsignservice\pdfsigntestproject\bin\debug\pdfsigntestproject.dll" id="eaee23b5-b98b-3c74-07f3-3c3534241b2d">
      <Execution id="ef37f5ac-8c5a-4114-96a3-fe634508a7e1" />
      <TestMethod codeBase="E:/Visual Studio 2010/Projects/PDFSignService/PDFSignTestProject/bin/Debug/PDFSignTestProject.DLL" adapterTypeName="Microsoft.VisualStudio.TestTools.TestTypes.Unit.UnitTestAdapter, Microsoft.VisualStudio.QualityTools.Tips.UnitTest.Adapter, Version=10.0.0.0, Culture=neutral, PublicKeyToken=b03f5f7f11d50a3a" className="PDFSignTestProject.UnitTest1, PDFSignTestProject, Version=1.0.0.0, Culture=neutral, PublicKeyToken=null" name="TestMethod1" />
    </UnitTest>
  </TestDefinitions>
  <TestLists>
    <TestList name="Results Not in a List" id="8c84fa94-04c1-424b-9868-57a2d4851a1d" />
    <TestList name="All Loaded Results" id="19431567-8539-422a-85d7-44ee4e166bda" />
  </TestLists>
  <TestEntries>
    <TestEntry testId="eaee23b5-b98b-3c74-07f3-3c3534241b2d" executionId="ef37f5ac-8c5a-4114-96a3-fe634508a7e1" testListId="8c84fa94-04c1-424b-9868-57a2d4851a1d" />
  </TestEntries>
  <Results>
    <UnitTestResult executionId="ef37f5ac-8c5a-4114-96a3-fe634508a7e1" testId="eaee23b5-b98b-3c74-07f3-3c3534241b2d" testName="TestMethod1" computerName="DESKTOP-26FMDEU" duration="00:00:57.3799704" startTime="2018-04-11T14:24:35.3485475+06:00" endTime="2018-04-11T14:25:32.7285179+06:00" testType="13cdc9d9-ddb5-4fa4-a97d-d965ccfc6d4b" outcome="Aborted" testListId="8c84fa94-04c1-424b-9868-57a2d4851a1d" relativeResultsDirectory="ef37f5ac-8c5a-4114-96a3-fe634508a7e1">
    </UnitTestResult>
  </Results>
</TestRun>